<?xml version="1.0" encoding="UTF-8"?>
<!-- Generated by org.testng.reporters.JUnitXMLReporter -->
<testsuite hostname="DESKTOP-9HGU2QK" ignored="0" name="Test" tests="3" failures="0" timestamp="26 Dec 2017 17:11:01 GMT" time="23.335" errors="0">
  <testcase name="BeforeFeat" time="0.016" classname="ez.testcases.finsys.BaseFeatures"/>
  <testcase name="ValidLogin" time="14.402" classname="ez.testcases.finsys.ValidLogin_01"/>
  <testcase name="CreateCompany" time="8.865" classname="ez.testcases.finsys.CreateCompany_03"/>
</testsuite> <!-- Test -->
