<?xml version="1.0" encoding="UTF-8"?>
<testng-results skipped="0" failed="0" ignored="0" total="1" passed="1">
  <reporter-output>
  </reporter-output>
  <suite name="Suite" duration-ms="8349" started-at="2017-12-26T15:18:22Z" finished-at="2017-12-26T15:18:30Z">
    <groups>
    </groups>
    <test name="Test" duration-ms="8349" started-at="2017-12-26T15:18:22Z" finished-at="2017-12-26T15:18:30Z">
      <class name="ez.testcases.finsys.ValidLogin_01">
        <test-method status="PASS" signature="ValidLogin()[pri:0, instance:ez.testcases.finsys.ValidLogin_01@59f99ea]" name="ValidLogin" duration-ms="8325" started-at="2017-12-26T20:48:22Z" finished-at="2017-12-26T20:48:30Z">
          <reporter-output>
          </reporter-output>
        </test-method> <!-- ValidLogin -->
      </class> <!-- ez.testcases.finsys.ValidLogin_01 -->
    </test> <!-- Test -->
  </suite> <!-- Suite -->
</testng-results>
